 
****************************************
Report : timing
        -path full
        -delay max
        -nets
        -max_paths 1
        -transition_time
Design : cva6
Scenario(s): mode_norm_ws0_wc_125
Version: S-2021.06-SP4
Date   : Thu Nov 14 12:00:08 2024
****************************************

 * Some/all delay information is back-annotated.

 # A fanout number of 1000 was used for high fanout net computations.
Wire Load Model Mode: Inactive.

  Startpoint: i_frontend/i_instr_queue/gen_instr_fifo_2__i_fifo_instr_data/read_pointer_q_reg_1_
              (rising edge-triggered flip-flop clocked by fast_vfo_clk)
  Endpoint: id_stage_i/issue_q_reg_1__sbe__result__12_
            (rising edge-triggered flip-flop clocked by fast_vfo_clk)
  Scenario: mode_norm_ws0_wc_125
  Path Group: fast_vfo_clk
  Path Type: max

Attributes:
    d - dont_touch
    u - dont_use
   mo - map_only
   so - size_only
    i - ideal_net or ideal_network
  inf - infeasible path

  Point                                       Fanout     Trans      Incr       Path      Attributes     Voltage
  -------------------------------------------------------------------------------------------------------------------
  clock fast_vfo_clk (rise edge)                                    0.00       0.00                     
  clock network delay (ideal)                                       0.00       0.00                     
  i_frontend/i_instr_queue/gen_instr_fifo_2__i_fifo_instr_data/read_pointer_q_reg_1_/CK (DFQRM8UM)     0.00     0.00 #     0.00 r so i  1.08
  i_frontend/i_instr_queue/gen_instr_fifo_2__i_fifo_instr_data/read_pointer_q_reg_1_/Q (DFQRM8UM)     0.15     0.52     0.52 r so  1.08
  i_frontend/i_instr_queue/gen_instr_fifo_2__i_fifo_instr_data/read_pointer_q[1] (net)     4     0.00     0.52 r
  i_frontend/i_instr_queue/gen_instr_fifo_2__i_fifo_instr_data/u3/Z (INVM2UM)     0.12     0.14 *     0.66 f 1.08
  i_frontend/i_instr_queue/gen_instr_fifo_2__i_fifo_instr_data/n334 (net)     2     0.00     0.66 f     
  i_frontend/i_instr_queue/gen_instr_fifo_2__i_fifo_instr_data/u8/Z (NR2M4UM)     0.72     0.47 *     1.12 r 1.08
  i_frontend/i_instr_queue/gen_instr_fifo_2__i_fifo_instr_data/n375 (net)    10     0.00     1.12 r     
  i_frontend/i_instr_queue/gen_instr_fifo_2__i_fifo_instr_data/u28/Z (BUFM4UM)     0.86     0.82 *     1.95 r 1.08
  i_frontend/i_instr_queue/gen_instr_fifo_2__i_fifo_instr_data/n570 (net)    26     0.00     1.95 r     
  i_frontend/i_instr_queue/gen_instr_fifo_2__i_fifo_instr_data/u157/Z (AOI22M2UM)     0.30     0.44 *     2.39 f 1.08
  i_frontend/i_instr_queue/gen_instr_fifo_2__i_fifo_instr_data/n424 (net)     1     0.00     2.39 f     
  i_frontend/i_instr_queue/gen_instr_fifo_2__i_fifo_instr_data/u158/Z (ND2M2UM)     0.26     0.29 *     2.68 r 1.08
  i_frontend/i_instr_queue/gen_instr_fifo_2__i_fifo_instr_data/data_o[114] (net)     2     0.00     2.68 r
  i_frontend/i_instr_queue/gen_instr_fifo_2__i_fifo_instr_data/data_o[114] (cva6_fifo_v3_00000004_0_186242_1)     0.00     2.68 r
  i_frontend/i_instr_queue/instr_data_out[83] (net)                 0.00       2.68 r                   
  i_frontend/i_instr_queue/u817/Z (AOI22M2UM)             0.35      0.28 *     2.95 f                   1.08
  i_frontend/i_instr_queue/n1265 (net)          1                   0.00       2.95 f                   
  i_frontend/i_instr_queue/u818/Z (ND2M4UM)               0.39      0.39 *     3.34 r                   1.08
  i_frontend/i_instr_queue/fetch_entry_o[177] (net)    11           0.00       3.34 r                   
  i_frontend/i_instr_queue/fetch_entry_o[177] (instr_queue__726242)     0.00     3.34 r                 
  i_frontend/fetch_entry_o[177] (net)                               0.00       3.34 r                   
  i_frontend/fetch_entry_o[177] (frontend__594242)                  0.00       3.34 r                   
  fetch_entry_if_id[47] (net)                                       0.00       3.34 r                   
  id_stage_i/fetch_entry_i[177] (id_stage__831242)                  0.00       3.34 r                   
  id_stage_i/fetch_entry_i[177] (net)                               0.00       3.34 r                   
  id_stage_i/genblk1_genblk1_0__compressed_decoder_i/instr_i[10] (compressed_decoder__674949_1)     0.00     3.34 r
  id_stage_i/genblk1_genblk1_0__compressed_decoder_i/instr_i[10] (net)     0.00     3.34 r              
  id_stage_i/genblk1_genblk1_0__compressed_decoder_i/u15/Z (INVM2UM)     0.23     0.30 *     3.64 f     1.08
  id_stage_i/genblk1_genblk1_0__compressed_decoder_i/n228 (net)     4     0.00     3.64 f               
  id_stage_i/genblk1_genblk1_0__compressed_decoder_i/u16/Z (ND4M2UM)     0.35     0.29 *     3.93 r     1.08
  id_stage_i/genblk1_genblk1_0__compressed_decoder_i/n76 (net)     3     0.00     3.93 r                
  id_stage_i/genblk1_genblk1_0__compressed_decoder_i/u17/Z (NR2M4UM)     0.20     0.22 *     4.16 f     1.08
  id_stage_i/genblk1_genblk1_0__compressed_decoder_i/n102 (net)     4     0.00     4.16 f               
  id_stage_i/genblk1_genblk1_0__compressed_decoder_i/u34/Z (AOI31M2UM)     0.19     0.22 *     4.38 r   1.08
  id_stage_i/genblk1_genblk1_0__compressed_decoder_i/n5 (net)     1     0.00     4.38 r                 
  id_stage_i/genblk1_genblk1_0__compressed_decoder_i/u35/Z (ND2M2UM)     0.21     0.22 *     4.60 f     1.08
  id_stage_i/genblk1_genblk1_0__compressed_decoder_i/n11 (net)     1     0.00     4.60 f                
  id_stage_i/genblk1_genblk1_0__compressed_decoder_i/u54/Z (NR2M6UM)     0.33     0.31 *     4.90 r     1.08
  id_stage_i/genblk1_genblk1_0__compressed_decoder_i/n18 (net)     5     0.00     4.90 r                
  id_stage_i/genblk1_genblk1_0__compressed_decoder_i/u82/Z (ND2M2UM)     0.64     0.51 *     5.41 f     1.08
  id_stage_i/genblk1_genblk1_0__compressed_decoder_i/n96 (net)     6     0.00     5.41 f                
  id_stage_i/genblk1_genblk1_0__compressed_decoder_i/u83/Z (NR2M2UM)     0.36     0.43 *     5.84 r     1.08
  id_stage_i/genblk1_genblk1_0__compressed_decoder_i/n129 (net)     3     0.00     5.84 r               
  id_stage_i/genblk1_genblk1_0__compressed_decoder_i/u164/Z (AOI21M2UM)     0.38     0.30 *     6.14 f  1.08
  id_stage_i/genblk1_genblk1_0__compressed_decoder_i/n184 (net)     3     0.00     6.14 f               
  id_stage_i/genblk1_genblk1_0__compressed_decoder_i/u240/Z (OAI22M2UM)     0.21     0.27 *     6.41 r  1.08
  id_stage_i/genblk1_genblk1_0__compressed_decoder_i/n185 (net)     1     0.00     6.41 r               
  id_stage_i/genblk1_genblk1_0__compressed_decoder_i/u241/Z (AOI211M2UM)     0.31     0.20 *     6.61 f 1.08
  id_stage_i/genblk1_genblk1_0__compressed_decoder_i/n188 (net)     1     0.00     6.61 f               
  id_stage_i/genblk1_genblk1_0__compressed_decoder_i/u242/Z (ND2M2UM)     0.17     0.20 *     6.82 r    1.08
  id_stage_i/genblk1_genblk1_0__compressed_decoder_i/instr_o[27] (net)     1     0.00     6.82 r        
  id_stage_i/genblk1_genblk1_0__compressed_decoder_i/instr_o[27] (compressed_decoder__674949_1)     0.00     6.82 r
  id_stage_i/compressed_instr[27] (net)                             0.00       6.82 r                   
  id_stage_i/genblk1_genblk2_i_cvxif_compressed_if_driver_i/instruction_i[27] (cvxif_compressed_if_driver__815242)     0.00     6.82 r
  id_stage_i/genblk1_genblk2_i_cvxif_compressed_if_driver_i/instruction_i[27] (net)     0.00     6.82 r 
  id_stage_i/genblk1_genblk2_i_cvxif_compressed_if_driver_i/u111/Z (MAOI22M4UM)     0.21     0.34 *     7.16 r 1.08
  id_stage_i/genblk1_genblk2_i_cvxif_compressed_if_driver_i/instruction_o[27] (net)     6     0.00     7.16 r
  id_stage_i/genblk1_genblk2_i_cvxif_compressed_if_driver_i/instruction_o[27] (cvxif_compressed_if_driver__815242)     0.00     7.16 r
  id_stage_i/instruction[27] (net)                                  0.00       7.16 r                   
  id_stage_i/genblk2_0__decoder_i/instruction_i[27] (decoder__569949_1)     0.00     7.16 r             
  id_stage_i/genblk2_0__decoder_i/instruction_i[27] (net)           0.00       7.16 r                   
  id_stage_i/genblk2_0__decoder_i/u43/Z (INVM2UM)         0.38      0.31 *     7.47 f                   1.08
  id_stage_i/genblk2_0__decoder_i/n565 (net)     5                  0.00       7.47 f                   
  id_stage_i/genblk2_0__decoder_i/u89/Z (NR2M2UM)         0.41      0.42 *     7.89 r                   1.08
  id_stage_i/genblk2_0__decoder_i/n347 (net)     3                  0.00       7.89 r                   
  id_stage_i/genblk2_0__decoder_i/u125/Z (ND2M2UM)        0.24      0.29 *     8.18 f                   1.08
  id_stage_i/genblk2_0__decoder_i/n408 (net)     3                  0.00       8.18 f                   
  id_stage_i/genblk2_0__decoder_i/u126/Z (INVM2UM)        0.19      0.22 *     8.40 r                   1.08
  id_stage_i/genblk2_0__decoder_i/n399 (net)     4                  0.00       8.40 r                   
  id_stage_i/genblk2_0__decoder_i/u135/Z (ND4M2UM)        0.25      0.27 *     8.67 f                   1.08
  id_stage_i/genblk2_0__decoder_i/n222 (net)     1                  0.00       8.67 f                   
  id_stage_i/genblk2_0__decoder_i/u136/Z (OA31M2UM)       0.14      0.47 *     9.14 f                   1.08
  id_stage_i/genblk2_0__decoder_i/n275 (net)     2                  0.00       9.14 f                   
  id_stage_i/genblk2_0__decoder_i/u137/Z (OAI31M2UM)      0.37      0.17 *     9.31 r                   1.08
  id_stage_i/genblk2_0__decoder_i/n317 (net)     2                  0.00       9.31 r                   
  id_stage_i/genblk2_0__decoder_i/u138/Z (OAI32M2UM)      0.28      0.35 *     9.66 f                   1.08
  id_stage_i/genblk2_0__decoder_i/n230 (net)     1                  0.00       9.66 f                   
  id_stage_i/genblk2_0__decoder_i/u144/Z (ND3M2UM)        0.38      0.30 *     9.96 r                   1.08
  id_stage_i/genblk2_0__decoder_i/n231 (net)     1                  0.00       9.96 r                   
  id_stage_i/genblk2_0__decoder_i/u145/Z (OAI211M8UM)     0.70      0.61 *    10.57 f                   1.08
  id_stage_i/genblk2_0__decoder_i/instruction_o[234] (net)    14     0.00     10.57 f                   
  id_stage_i/genblk2_0__decoder_i/u151/Z (AOI21M4UM)      0.27      0.34 *    10.91 r                   1.08
  id_stage_i/genblk2_0__decoder_i/n413 (net)     2                  0.00      10.91 r                   
  id_stage_i/genblk2_0__decoder_i/u152/Z (OAI21M4UM)      0.35      0.32 *    11.24 f                   1.08
  id_stage_i/genblk2_0__decoder_i/n261 (net)     7                  0.00      11.24 f                   
  id_stage_i/genblk2_0__decoder_i/u157/Z (INVM4UM)        0.20      0.26 *    11.50 r                   1.08
  id_stage_i/genblk2_0__decoder_i/n248 (net)     5                  0.00      11.50 r                   
  id_stage_i/genblk2_0__decoder_i/u164/Z (AOI21M4UM)      0.44      0.37 *    11.86 f                   1.08
  id_stage_i/genblk2_0__decoder_i/n246 (net)     8                  0.00      11.86 f                   
  id_stage_i/genblk2_0__decoder_i/u166/Z (NR2M6UM)        0.19      0.30 *    12.16 r                   1.08
  id_stage_i/genblk2_0__decoder_i/n255 (net)     2                  0.00      12.16 r                   
  id_stage_i/genblk2_0__decoder_i/u167/Z (ND2M6UM)        0.21      0.22 *    12.38 f                   1.08
  id_stage_i/genblk2_0__decoder_i/n258 (net)     9                  0.00      12.38 f                   
  id_stage_i/genblk2_0__decoder_i/u30/Z (OAI21M2UM)       0.79      0.39 *    12.77 r                   1.08
  id_stage_i/genblk2_0__decoder_i/instruction_o[188] (net)     2     0.00     12.77 r                   
  id_stage_i/genblk2_0__decoder_i/instruction_o[188] (decoder__569949_1)     0.00    12.77 r            
  id_stage_i/decoded_instruction[58] (net)                          0.00      12.77 r                   
  id_stage_i/u41/Z (CKMUX2M2UM)                           0.12      0.57 *    13.35 r                   1.08
  id_stage_i/net72013 (net)                     1                   0.00      13.35 r                   
  id_stage_i/issue_q_reg_1__sbe__result__12_/D (DFQRM2UM)     0.12     0.00 *    13.35 r so             1.08
  data arrival time                                                           13.35                     

  clock fast_vfo_clk (rise edge)                                   14.25      14.25                     
  clock network delay (ideal)                                       0.00      14.25                     
  clock uncertainty                                                -0.79      13.47                     
  id_stage_i/issue_q_reg_1__sbe__result__12_/CK (DFQRM2UM)          0.00      13.47 r                   
  library setup time                                               -0.12      13.35                     
  data required time                                                          13.35                     
  -------------------------------------------------------------------------------------------------------------------
  data required time                                                          13.35                     
  data arrival time                                                          -13.35                     
  -------------------------------------------------------------------------------------------------------------------
  slack (MET)                                                                  0.00                     


1
