i :          1 , val = 1 , iret =         12, ilast = 0x1 , itype = 6 , cause = 0x00 , tval= 0x00000000 , priv = 0x3 , iadd= 0x00010000, time =                  83  
i :          0 , val = 1 , iret =         39, ilast = 0x1 , itype = 5 , cause = 0x00 , tval= 0x00000000 , priv = 0x3 , iadd= 0x80000000, time =                 134  
i :          0 , val = 1 , iret =         19, ilast = 0x1 , itype = 4 , cause = 0x00 , tval= 0x00000000 , priv = 0x3 , iadd= 0x80000058, time =                 156  
i :          0 , val = 1 , iret =         76, ilast = 0x0 , itype = 4 , cause = 0x00 , tval= 0x00000000 , priv = 0x3 , iadd= 0x8000007e, time =                 301  
i :          0 , val = 1 , iret =         18, ilast = 0x1 , itype = 4 , cause = 0x00 , tval= 0x00000000 , priv = 0x3 , iadd= 0x80003f12, time =                 329  
i :          0 , val = 1 , iret =          7, ilast = 0x0 , itype = 6 , cause = 0x00 , tval= 0x00000000 , priv = 0x3 , iadd= 0x80003f52, time =                 352  
i :          0 , val = 1 , iret =         35, ilast = 0x0 , itype = 4 , cause = 0x00 , tval= 0x00000000 , priv = 0x3 , iadd= 0x80003602, time =                 386  
i :          0 , val = 1 , iret =         36, ilast = 0x1 , itype = 5 , cause = 0x00 , tval= 0x00000000 , priv = 0x3 , iadd= 0x80003fc4, time =                 426  
i :          0 , val = 1 , iret =         18, ilast = 0x1 , itype = 5 , cause = 0x00 , tval= 0x00000000 , priv = 0x3 , iadd= 0x80003ffa, time =                 441  
i :          0 , val = 1 , iret =         18, ilast = 0x1 , itype = 5 , cause = 0x00 , tval= 0x00000000 , priv = 0x3 , iadd= 0x80003ffa, time =                 456  
i :          0 , val = 1 , iret =         18, ilast = 0x1 , itype = 5 , cause = 0x00 , tval= 0x00000000 , priv = 0x3 , iadd= 0x80003ffa, time =                 476  
i :          0 , val = 1 , iret =         18, ilast = 0x1 , itype = 5 , cause = 0x00 , tval= 0x00000000 , priv = 0x3 , iadd= 0x80003ffa, time =                 491  
i :          0 , val = 1 , iret =         18, ilast = 0x1 , itype = 5 , cause = 0x00 , tval= 0x00000000 , priv = 0x3 , iadd= 0x80003ffa, time =                 506  
i :          0 , val = 1 , iret =         18, ilast = 0x1 , itype = 5 , cause = 0x00 , tval= 0x00000000 , priv = 0x3 , iadd= 0x80003ffa, time =                 521  
i :          0 , val = 1 , iret =         18, ilast = 0x1 , itype = 5 , cause = 0x00 , tval= 0x00000000 , priv = 0x3 , iadd= 0x80003ffa, time =                 536  
i :          0 , val = 1 , iret =         18, ilast = 0x1 , itype = 5 , cause = 0x00 , tval= 0x00000000 , priv = 0x3 , iadd= 0x80003ffa, time =                 551  
i :          0 , val = 1 , iret =         18, ilast = 0x1 , itype = 5 , cause = 0x00 , tval= 0x00000000 , priv = 0x3 , iadd= 0x80003ffa, time =                 566  
i :          0 , val = 1 , iret =         18, ilast = 0x1 , itype = 5 , cause = 0x00 , tval= 0x00000000 , priv = 0x3 , iadd= 0x80003ffa, time =                 581  
i :          0 , val = 1 , iret =         18, ilast = 0x1 , itype = 5 , cause = 0x00 , tval= 0x00000000 , priv = 0x3 , iadd= 0x80003ffa, time =                 596  
i :          0 , val = 1 , iret =         18, ilast = 0x1 , itype = 5 , cause = 0x00 , tval= 0x00000000 , priv = 0x3 , iadd= 0x80003ffa, time =                 611  
i :          0 , val = 1 , iret =         18, ilast = 0x1 , itype = 5 , cause = 0x00 , tval= 0x00000000 , priv = 0x3 , iadd= 0x80003ffa, time =                 626  
i :          0 , val = 1 , iret =         18, ilast = 0x1 , itype = 5 , cause = 0x00 , tval= 0x00000000 , priv = 0x3 , iadd= 0x80003ffa, time =                 641  
i :          0 , val = 1 , iret =         18, ilast = 0x1 , itype = 5 , cause = 0x00 , tval= 0x00000000 , priv = 0x3 , iadd= 0x80003ffa, time =                 656  
i :          0 , val = 1 , iret =         18, ilast = 0x1 , itype = 5 , cause = 0x00 , tval= 0x00000000 , priv = 0x3 , iadd= 0x80003ffa, time =                 671  
i :          0 , val = 1 , iret =         18, ilast = 0x1 , itype = 5 , cause = 0x00 , tval= 0x00000000 , priv = 0x3 , iadd= 0x80003ffa, time =                 686  
i :          0 , val = 1 , iret =         18, ilast = 0x1 , itype = 5 , cause = 0x00 , tval= 0x00000000 , priv = 0x3 , iadd= 0x80003ffa, time =                 701  
i :          0 , val = 1 , iret =         18, ilast = 0x1 , itype = 5 , cause = 0x00 , tval= 0x00000000 , priv = 0x3 , iadd= 0x80003ffa, time =                 716  
i :          0 , val = 1 , iret =         18, ilast = 0x1 , itype = 5 , cause = 0x00 , tval= 0x00000000 , priv = 0x3 , iadd= 0x80003ffa, time =                 731  
i :          0 , val = 1 , iret =         18, ilast = 0x1 , itype = 5 , cause = 0x00 , tval= 0x00000000 , priv = 0x3 , iadd= 0x80003ffa, time =                 746  
i :          0 , val = 1 , iret =         18, ilast = 0x1 , itype = 5 , cause = 0x00 , tval= 0x00000000 , priv = 0x3 , iadd= 0x80003ffa, time =                 761  
i :          0 , val = 1 , iret =         18, ilast = 0x1 , itype = 5 , cause = 0x00 , tval= 0x00000000 , priv = 0x3 , iadd= 0x80003ffa, time =                 776  
i :          0 , val = 1 , iret =         18, ilast = 0x1 , itype = 5 , cause = 0x00 , tval= 0x00000000 , priv = 0x3 , iadd= 0x80003ffa, time =                 791  
i :          0 , val = 1 , iret =         18, ilast = 0x1 , itype = 5 , cause = 0x00 , tval= 0x00000000 , priv = 0x3 , iadd= 0x80003ffa, time =                 806  
i :          0 , val = 1 , iret =         18, ilast = 0x1 , itype = 5 , cause = 0x00 , tval= 0x00000000 , priv = 0x3 , iadd= 0x80003ffa, time =                 821  
i :          0 , val = 1 , iret =         18, ilast = 0x1 , itype = 5 , cause = 0x00 , tval= 0x00000000 , priv = 0x3 , iadd= 0x80003ffa, time =                 836  
i :          0 , val = 1 , iret =         18, ilast = 0x1 , itype = 5 , cause = 0x00 , tval= 0x00000000 , priv = 0x3 , iadd= 0x80003ffa, time =                 851  
i :          0 , val = 1 , iret =         18, ilast = 0x1 , itype = 4 , cause = 0x00 , tval= 0x00000000 , priv = 0x3 , iadd= 0x80003ffa, time =                 866  
i :          0 , val = 1 , iret =          7, ilast = 0x0 , itype = 6 , cause = 0x00 , tval= 0x00000000 , priv = 0x3 , iadd= 0x8000401e, time =                 879  
i :          0 , val = 1 , iret =          5, ilast = 0x0 , itype = 6 , cause = 0x00 , tval= 0x00000000 , priv = 0x3 , iadd= 0x8000362a, time =                 896  
i :          0 , val = 1 , iret =         15, ilast = 0x0 , itype = 4 , cause = 0x00 , tval= 0x00000000 , priv = 0x3 , iadd= 0x80003662, time =                 921  
i :          0 , val = 1 , iret =          5, ilast = 0x0 , itype = 6 , cause = 0x00 , tval= 0x00000000 , priv = 0x3 , iadd= 0x8000359e, time =                 936  
i :          1 , val = 1 , iret =         17, ilast = 0x1 , itype = 4 , cause = 0x00 , tval= 0x00000000 , priv = 0x3 , iadd= 0x8000366c, time =                 956  
i :          0 , val = 1 , iret =          2, ilast = 0x1 , itype = 4 , cause = 0x00 , tval= 0x00000000 , priv = 0x3 , iadd= 0x80004266, time =                 963  
i :          0 , val = 1 , iret =          2, ilast = 0x1 , itype = 4 , cause = 0x00 , tval= 0x00000000 , priv = 0x3 , iadd= 0x8000426a, time =                 969  
i :          0 , val = 1 , iret =          2, ilast = 0x1 , itype = 4 , cause = 0x00 , tval= 0x00000000 , priv = 0x3 , iadd= 0x8000426e, time =                 980  
i :          1 , val = 1 , iret =          7, ilast = 0x1 , itype = 4 , cause = 0x00 , tval= 0x00000000 , priv = 0x3 , iadd= 0x80004272, time =                 999  
i :          0 , val = 1 , iret =          2, ilast = 0x1 , itype = 4 , cause = 0x00 , tval= 0x00000000 , priv = 0x3 , iadd= 0x80004280, time =                1000  
i :          0 , val = 1 , iret =          2, ilast = 0x1 , itype = 4 , cause = 0x00 , tval= 0x00000000 , priv = 0x3 , iadd= 0x80004284, time =                1005  
i :          0 , val = 1 , iret =          2, ilast = 0x1 , itype = 4 , cause = 0x00 , tval= 0x00000000 , priv = 0x3 , iadd= 0x80004288, time =                1011  
i :          0 , val = 1 , iret =          2, ilast = 0x1 , itype = 4 , cause = 0x00 , tval= 0x00000000 , priv = 0x3 , iadd= 0x8000428c, time =                1012  
i :          0 , val = 1 , iret =          2, ilast = 0x1 , itype = 4 , cause = 0x00 , tval= 0x00000000 , priv = 0x3 , iadd= 0x80004290, time =                1022  
i :          0 , val = 1 , iret =          2, ilast = 0x0 , itype = 5 , cause = 0x00 , tval= 0x00000000 , priv = 0x3 , iadd= 0x80004294, time =                1023  
i :          0 , val = 1 , iret =          2, ilast = 0x1 , itype = 4 , cause = 0x00 , tval= 0x00000000 , priv = 0x3 , iadd= 0x80004262, time =                1024  
i :          0 , val = 1 , iret =          2, ilast = 0x1 , itype = 4 , cause = 0x00 , tval= 0x00000000 , priv = 0x3 , iadd= 0x80004266, time =                1025  
i :          0 , val = 1 , iret =          2, ilast = 0x1 , itype = 4 , cause = 0x00 , tval= 0x00000000 , priv = 0x3 , iadd= 0x8000426a, time =                1026  
i :          0 , val = 1 , iret =          2, ilast = 0x1 , itype = 4 , cause = 0x00 , tval= 0x00000000 , priv = 0x3 , iadd= 0x8000426e, time =                1027  
i :          1 , val = 1 , iret =          7, ilast = 0x1 , itype = 4 , cause = 0x00 , tval= 0x00000000 , priv = 0x3 , iadd= 0x80004272, time =                1031  
i :          0 , val = 1 , iret =          2, ilast = 0x1 , itype = 4 , cause = 0x00 , tval= 0x00000000 , priv = 0x3 , iadd= 0x80004280, time =                1032  
i :          1 , val = 1 , iret =          2, ilast = 0x1 , itype = 4 , cause = 0x00 , tval= 0x00000000 , priv = 0x3 , iadd= 0x80004284, time =                1032  
i :          0 , val = 1 , iret =          2, ilast = 0x1 , itype = 4 , cause = 0x00 , tval= 0x00000000 , priv = 0x3 , iadd= 0x80004288, time =                1033  
i :          0 , val = 1 , iret =          2, ilast = 0x1 , itype = 4 , cause = 0x00 , tval= 0x00000000 , priv = 0x3 , iadd= 0x8000428c, time =                1034  
i :          0 , val = 1 , iret =          2, ilast = 0x1 , itype = 4 , cause = 0x00 , tval= 0x00000000 , priv = 0x3 , iadd= 0x80004290, time =                1035  
i :          0 , val = 1 , iret =          2, ilast = 0x0 , itype = 5 , cause = 0x00 , tval= 0x00000000 , priv = 0x3 , iadd= 0x80004294, time =                1036  
i :          0 , val = 1 , iret =          2, ilast = 0x1 , itype = 4 , cause = 0x00 , tval= 0x00000000 , priv = 0x3 , iadd= 0x80004262, time =                1042  
i :          0 , val = 1 , iret =          2, ilast = 0x1 , itype = 4 , cause = 0x00 , tval= 0x00000000 , priv = 0x3 , iadd= 0x80004266, time =                1043  
i :          0 , val = 1 , iret =          2, ilast = 0x1 , itype = 4 , cause = 0x00 , tval= 0x00000000 , priv = 0x3 , iadd= 0x8000426a, time =                1044  
i :          0 , val = 1 , iret =          2, ilast = 0x1 , itype = 4 , cause = 0x00 , tval= 0x00000000 , priv = 0x3 , iadd= 0x8000426e, time =                1045  
i :          1 , val = 1 , iret =          7, ilast = 0x1 , itype = 4 , cause = 0x00 , tval= 0x00000000 , priv = 0x3 , iadd= 0x80004272, time =                1049  
i :          0 , val = 1 , iret =          2, ilast = 0x1 , itype = 4 , cause = 0x00 , tval= 0x00000000 , priv = 0x3 , iadd= 0x80004280, time =                1050  
i :          1 , val = 1 , iret =          2, ilast = 0x1 , itype = 4 , cause = 0x00 , tval= 0x00000000 , priv = 0x3 , iadd= 0x80004284, time =                1050  
i :          0 , val = 1 , iret =          2, ilast = 0x1 , itype = 4 , cause = 0x00 , tval= 0x00000000 , priv = 0x3 , iadd= 0x80004288, time =                1051  
i :          0 , val = 1 , iret =          2, ilast = 0x1 , itype = 4 , cause = 0x00 , tval= 0x00000000 , priv = 0x3 , iadd= 0x8000428c, time =                1052  
i :          0 , val = 1 , iret =          2, ilast = 0x1 , itype = 4 , cause = 0x00 , tval= 0x00000000 , priv = 0x3 , iadd= 0x80004290, time =                1053  
i :          0 , val = 1 , iret =          2, ilast = 0x0 , itype = 5 , cause = 0x00 , tval= 0x00000000 , priv = 0x3 , iadd= 0x80004294, time =                1054  
i :          0 , val = 1 , iret =          2, ilast = 0x1 , itype = 4 , cause = 0x00 , tval= 0x00000000 , priv = 0x3 , iadd= 0x80004262, time =                1055  
i :          0 , val = 1 , iret =          2, ilast = 0x1 , itype = 4 , cause = 0x00 , tval= 0x00000000 , priv = 0x3 , iadd= 0x80004266, time =                1056  
i :          0 , val = 1 , iret =          2, ilast = 0x1 , itype = 4 , cause = 0x00 , tval= 0x00000000 , priv = 0x3 , iadd= 0x8000426a, time =                1057  
i :          0 , val = 1 , iret =          2, ilast = 0x1 , itype = 4 , cause = 0x00 , tval= 0x00000000 , priv = 0x3 , iadd= 0x8000426e, time =                1058  
i :          1 , val = 1 , iret =          7, ilast = 0x1 , itype = 4 , cause = 0x00 , tval= 0x00000000 , priv = 0x3 , iadd= 0x80004272, time =                1062  
i :          0 , val = 1 , iret =          2, ilast = 0x1 , itype = 4 , cause = 0x00 , tval= 0x00000000 , priv = 0x3 , iadd= 0x80004280, time =                1063  
i :          1 , val = 1 , iret =          2, ilast = 0x1 , itype = 4 , cause = 0x00 , tval= 0x00000000 , priv = 0x3 , iadd= 0x80004284, time =                1063  
i :          0 , val = 1 , iret =          2, ilast = 0x1 , itype = 4 , cause = 0x00 , tval= 0x00000000 , priv = 0x3 , iadd= 0x80004288, time =                1064  
i :          0 , val = 1 , iret =          2, ilast = 0x1 , itype = 4 , cause = 0x00 , tval= 0x00000000 , priv = 0x3 , iadd= 0x8000428c, time =                1065  
i :          0 , val = 1 , iret =          2, ilast = 0x1 , itype = 4 , cause = 0x00 , tval= 0x00000000 , priv = 0x3 , iadd= 0x80004290, time =                1066  
i :          0 , val = 1 , iret =          2, ilast = 0x0 , itype = 5 , cause = 0x00 , tval= 0x00000000 , priv = 0x3 , iadd= 0x80004294, time =                1067  
i :          0 , val = 1 , iret =          2, ilast = 0x1 , itype = 4 , cause = 0x00 , tval= 0x00000000 , priv = 0x3 , iadd= 0x80004262, time =                1068  
i :          0 , val = 1 , iret =          2, ilast = 0x1 , itype = 4 , cause = 0x00 , tval= 0x00000000 , priv = 0x3 , iadd= 0x80004266, time =                1069  
i :          0 , val = 1 , iret =          2, ilast = 0x1 , itype = 4 , cause = 0x00 , tval= 0x00000000 , priv = 0x3 , iadd= 0x8000426a, time =                1070  
i :          0 , val = 1 , iret =          2, ilast = 0x1 , itype = 4 , cause = 0x00 , tval= 0x00000000 , priv = 0x3 , iadd= 0x8000426e, time =                1071  
i :          1 , val = 1 , iret =          7, ilast = 0x1 , itype = 4 , cause = 0x00 , tval= 0x00000000 , priv = 0x3 , iadd= 0x80004272, time =                1075  
i :          0 , val = 1 , iret =          2, ilast = 0x1 , itype = 4 , cause = 0x00 , tval= 0x00000000 , priv = 0x3 , iadd= 0x80004280, time =                1076  
i :          1 , val = 1 , iret =          2, ilast = 0x1 , itype = 4 , cause = 0x00 , tval= 0x00000000 , priv = 0x3 , iadd= 0x80004284, time =                1076  
i :          0 , val = 1 , iret =          2, ilast = 0x1 , itype = 4 , cause = 0x00 , tval= 0x00000000 , priv = 0x3 , iadd= 0x80004288, time =                1077  
i :          0 , val = 1 , iret =          2, ilast = 0x1 , itype = 4 , cause = 0x00 , tval= 0x00000000 , priv = 0x3 , iadd= 0x8000428c, time =                1078  
i :          0 , val = 1 , iret =          2, ilast = 0x1 , itype = 4 , cause = 0x00 , tval= 0x00000000 , priv = 0x3 , iadd= 0x80004290, time =                1079  
i :          0 , val = 1 , iret =          2, ilast = 0x0 , itype = 5 , cause = 0x00 , tval= 0x00000000 , priv = 0x3 , iadd= 0x80004294, time =                1080  
i :          0 , val = 1 , iret =          2, ilast = 0x1 , itype = 4 , cause = 0x00 , tval= 0x00000000 , priv = 0x3 , iadd= 0x80004262, time =                1081  
i :          0 , val = 1 , iret =          2, ilast = 0x1 , itype = 4 , cause = 0x00 , tval= 0x00000000 , priv = 0x3 , iadd= 0x80004266, time =                1082  
i :          0 , val = 1 , iret =          2, ilast = 0x1 , itype = 4 , cause = 0x00 , tval= 0x00000000 , priv = 0x3 , iadd= 0x8000426a, time =                1083  
i :          0 , val = 1 , iret =          2, ilast = 0x1 , itype = 4 , cause = 0x00 , tval= 0x00000000 , priv = 0x3 , iadd= 0x8000426e, time =                1084  
i :          1 , val = 1 , iret =          7, ilast = 0x1 , itype = 4 , cause = 0x00 , tval= 0x00000000 , priv = 0x3 , iadd= 0x80004272, time =                1088  
i :          0 , val = 1 , iret =          2, ilast = 0x1 , itype = 4 , cause = 0x00 , tval= 0x00000000 , priv = 0x3 , iadd= 0x80004280, time =                1089  
i :          1 , val = 1 , iret =          2, ilast = 0x1 , itype = 4 , cause = 0x00 , tval= 0x00000000 , priv = 0x3 , iadd= 0x80004284, time =                1089  
i :          0 , val = 1 , iret =          2, ilast = 0x1 , itype = 4 , cause = 0x00 , tval= 0x00000000 , priv = 0x3 , iadd= 0x80004288, time =                1090  
i :          0 , val = 1 , iret =          2, ilast = 0x1 , itype = 4 , cause = 0x00 , tval= 0x00000000 , priv = 0x3 , iadd= 0x8000428c, time =                1091  
i :          0 , val = 1 , iret =          2, ilast = 0x1 , itype = 4 , cause = 0x00 , tval= 0x00000000 , priv = 0x3 , iadd= 0x80004290, time =                1092  
i :          0 , val = 1 , iret =          2, ilast = 0x0 , itype = 5 , cause = 0x00 , tval= 0x00000000 , priv = 0x3 , iadd= 0x80004294, time =                1093  
i :          0 , val = 1 , iret =          2, ilast = 0x1 , itype = 4 , cause = 0x00 , tval= 0x00000000 , priv = 0x3 , iadd= 0x80004262, time =                1094  
i :          0 , val = 1 , iret =          2, ilast = 0x1 , itype = 4 , cause = 0x00 , tval= 0x00000000 , priv = 0x3 , iadd= 0x80004266, time =                1095  
i :          0 , val = 1 , iret =          2, ilast = 0x1 , itype = 4 , cause = 0x00 , tval= 0x00000000 , priv = 0x3 , iadd= 0x8000426a, time =                1096  
i :          0 , val = 1 , iret =          2, ilast = 0x1 , itype = 4 , cause = 0x00 , tval= 0x00000000 , priv = 0x3 , iadd= 0x8000426e, time =                1097  
i :          1 , val = 1 , iret =          7, ilast = 0x1 , itype = 4 , cause = 0x00 , tval= 0x00000000 , priv = 0x3 , iadd= 0x80004272, time =                1101  
i :          0 , val = 1 , iret =          2, ilast = 0x1 , itype = 4 , cause = 0x00 , tval= 0x00000000 , priv = 0x3 , iadd= 0x80004280, time =                1102  
i :          1 , val = 1 , iret =          2, ilast = 0x1 , itype = 4 , cause = 0x00 , tval= 0x00000000 , priv = 0x3 , iadd= 0x80004284, time =                1102  
i :          0 , val = 1 , iret =          2, ilast = 0x1 , itype = 4 , cause = 0x00 , tval= 0x00000000 , priv = 0x3 , iadd= 0x80004288, time =                1103  
i :          0 , val = 1 , iret =          2, ilast = 0x1 , itype = 4 , cause = 0x00 , tval= 0x00000000 , priv = 0x3 , iadd= 0x8000428c, time =                1104  
i :          0 , val = 1 , iret =          2, ilast = 0x1 , itype = 4 , cause = 0x00 , tval= 0x00000000 , priv = 0x3 , iadd= 0x80004290, time =                1105  
i :          0 , val = 1 , iret =          2, ilast = 0x0 , itype = 5 , cause = 0x00 , tval= 0x00000000 , priv = 0x3 , iadd= 0x80004294, time =                1106  
i :          0 , val = 1 , iret =          2, ilast = 0x1 , itype = 4 , cause = 0x00 , tval= 0x00000000 , priv = 0x3 , iadd= 0x80004262, time =                1107  
i :          0 , val = 1 , iret =          2, ilast = 0x1 , itype = 4 , cause = 0x00 , tval= 0x00000000 , priv = 0x3 , iadd= 0x80004266, time =                1108  
i :          0 , val = 1 , iret =          2, ilast = 0x1 , itype = 4 , cause = 0x00 , tval= 0x00000000 , priv = 0x3 , iadd= 0x8000426a, time =                1109  
i :          0 , val = 1 , iret =          2, ilast = 0x1 , itype = 4 , cause = 0x00 , tval= 0x00000000 , priv = 0x3 , iadd= 0x8000426e, time =                1110  
i :          1 , val = 1 , iret =          7, ilast = 0x1 , itype = 4 , cause = 0x00 , tval= 0x00000000 , priv = 0x3 , iadd= 0x80004272, time =                1114  
i :          0 , val = 1 , iret =          2, ilast = 0x1 , itype = 4 , cause = 0x00 , tval= 0x00000000 , priv = 0x3 , iadd= 0x80004280, time =                1115  
i :          1 , val = 1 , iret =          2, ilast = 0x1 , itype = 4 , cause = 0x00 , tval= 0x00000000 , priv = 0x3 , iadd= 0x80004284, time =                1115  
i :          0 , val = 1 , iret =          2, ilast = 0x1 , itype = 4 , cause = 0x00 , tval= 0x00000000 , priv = 0x3 , iadd= 0x80004288, time =                1116  
i :          0 , val = 1 , iret =          2, ilast = 0x1 , itype = 4 , cause = 0x00 , tval= 0x00000000 , priv = 0x3 , iadd= 0x8000428c, time =                1117  
i :          0 , val = 1 , iret =          2, ilast = 0x1 , itype = 4 , cause = 0x00 , tval= 0x00000000 , priv = 0x3 , iadd= 0x80004290, time =                1118  
i :          0 , val = 1 , iret =          2, ilast = 0x0 , itype = 5 , cause = 0x00 , tval= 0x00000000 , priv = 0x3 , iadd= 0x80004294, time =                1119  
i :          0 , val = 1 , iret =          2, ilast = 0x1 , itype = 4 , cause = 0x00 , tval= 0x00000000 , priv = 0x3 , iadd= 0x80004262, time =                1120  
i :          0 , val = 1 , iret =          2, ilast = 0x1 , itype = 4 , cause = 0x00 , tval= 0x00000000 , priv = 0x3 , iadd= 0x80004266, time =                1121  
i :          0 , val = 1 , iret =          2, ilast = 0x1 , itype = 4 , cause = 0x00 , tval= 0x00000000 , priv = 0x3 , iadd= 0x8000426a, time =                1122  
i :          0 , val = 1 , iret =          2, ilast = 0x1 , itype = 4 , cause = 0x00 , tval= 0x00000000 , priv = 0x3 , iadd= 0x8000426e, time =                1123  
i :          1 , val = 1 , iret =          7, ilast = 0x1 , itype = 4 , cause = 0x00 , tval= 0x00000000 , priv = 0x3 , iadd= 0x80004272, time =                1127  
i :          0 , val = 1 , iret =          2, ilast = 0x1 , itype = 4 , cause = 0x00 , tval= 0x00000000 , priv = 0x3 , iadd= 0x80004280, time =                1128  
i :          1 , val = 1 , iret =          2, ilast = 0x1 , itype = 4 , cause = 0x00 , tval= 0x00000000 , priv = 0x3 , iadd= 0x80004284, time =                1128  
i :          0 , val = 1 , iret =          2, ilast = 0x1 , itype = 4 , cause = 0x00 , tval= 0x00000000 , priv = 0x3 , iadd= 0x80004288, time =                1129  
i :          0 , val = 1 , iret =          2, ilast = 0x1 , itype = 4 , cause = 0x00 , tval= 0x00000000 , priv = 0x3 , iadd= 0x8000428c, time =                1130  
i :          0 , val = 1 , iret =          2, ilast = 0x1 , itype = 4 , cause = 0x00 , tval= 0x00000000 , priv = 0x3 , iadd= 0x80004290, time =                1131  
i :          0 , val = 1 , iret =          2, ilast = 0x0 , itype = 5 , cause = 0x00 , tval= 0x00000000 , priv = 0x3 , iadd= 0x80004294, time =                1132  
i :          0 , val = 1 , iret =          2, ilast = 0x1 , itype = 4 , cause = 0x00 , tval= 0x00000000 , priv = 0x3 , iadd= 0x80004262, time =                1133  
i :          0 , val = 1 , iret =          2, ilast = 0x1 , itype = 4 , cause = 0x00 , tval= 0x00000000 , priv = 0x3 , iadd= 0x80004266, time =                1134  
i :          0 , val = 1 , iret =          2, ilast = 0x1 , itype = 4 , cause = 0x00 , tval= 0x00000000 , priv = 0x3 , iadd= 0x8000426a, time =                1135  
i :          0 , val = 1 , iret =          2, ilast = 0x1 , itype = 4 , cause = 0x00 , tval= 0x00000000 , priv = 0x3 , iadd= 0x8000426e, time =                1136  
i :          1 , val = 1 , iret =          7, ilast = 0x1 , itype = 4 , cause = 0x00 , tval= 0x00000000 , priv = 0x3 , iadd= 0x80004272, time =                1140  
i :          0 , val = 1 , iret =          2, ilast = 0x1 , itype = 4 , cause = 0x00 , tval= 0x00000000 , priv = 0x3 , iadd= 0x80004280, time =                1141  
i :          1 , val = 1 , iret =          2, ilast = 0x1 , itype = 4 , cause = 0x00 , tval= 0x00000000 , priv = 0x3 , iadd= 0x80004284, time =                1141  
i :          0 , val = 1 , iret =          2, ilast = 0x1 , itype = 4 , cause = 0x00 , tval= 0x00000000 , priv = 0x3 , iadd= 0x80004288, time =                1142  
i :          0 , val = 1 , iret =          2, ilast = 0x1 , itype = 4 , cause = 0x00 , tval= 0x00000000 , priv = 0x3 , iadd= 0x8000428c, time =                1143  
i :          0 , val = 1 , iret =          2, ilast = 0x1 , itype = 4 , cause = 0x00 , tval= 0x00000000 , priv = 0x3 , iadd= 0x80004290, time =                1144  
i :          0 , val = 1 , iret =          2, ilast = 0x0 , itype = 4 , cause = 0x00 , tval= 0x00000000 , priv = 0x3 , iadd= 0x80004294, time =                1145  
i :          0 , val = 1 , iret =          1, ilast = 0x0 , itype = 6 , cause = 0x00 , tval= 0x00000000 , priv = 0x3 , iadd= 0x80004298, time =                1151  
i :          0 , val = 1 , iret =          6, ilast = 0x0 , itype = 6 , cause = 0x00 , tval= 0x00000000 , priv = 0x3 , iadd= 0x80003014, time =                1162  
i :          0 , val = 1 , iret =         12, ilast = 0x1 , itype = 5 , cause = 0x00 , tval= 0x00000000 , priv = 0x3 , iadd= 0x80003672, time =                1197  
i :          0 , val = 1 , iret =          9, ilast = 0x0 , itype = 5 , cause = 0x00 , tval= 0x00000000 , priv = 0x3 , iadd= 0x80003680, time =                1216  
i :          0 , val = 1 , iret =         10, ilast = 0x1 , itype = 5 , cause = 0x00 , tval= 0x00000000 , priv = 0x3 , iadd= 0x800036d8, time =                1237  
i :          0 , val = 1 , iret =          9, ilast = 0x0 , itype = 5 , cause = 0x00 , tval= 0x00000000 , priv = 0x3 , iadd= 0x80003680, time =                1254  
i :          0 , val = 1 , iret =         10, ilast = 0x1 , itype = 4 , cause = 0x00 , tval= 0x00000000 , priv = 0x3 , iadd= 0x800036d8, time =                1271  
i :          0 , val = 1 , iret =          4, ilast = 0x1 , itype = 5 , cause = 0x00 , tval= 0x00000000 , priv = 0x3 , iadd= 0x800036ec, time =                1279  
