Info: Generated by version: 24.1 build 115
Info: Starting: Create block symbol file (.bsf)
Info: qsys-generate /home/angela/Documents/github/cva6/corev_apu/fpga/iobuf.ip --block-symbol-file --output-directory=/home/angela/Documents/github/cva6/corev_apu/fpga/iobuf --family="Agilex 7" --part=AGFB014R24B2E2V
Info: iobuf.gpio_0: Intel GPIO supports a maximum interface frequency of 300 MHZ.
Info: Finished: Create block symbol file (.bsf)
Info: 
Info: Starting: Create HDL design files for synthesis
Info: qsys-generate /home/angela/Documents/github/cva6/corev_apu/fpga/iobuf.ip --synthesis=VERILOG --output-directory=/home/angela/Documents/github/cva6/corev_apu/fpga/iobuf --family="Agilex 7" --part=AGFB014R24B2E2V
Info: iobuf.gpio_0: Intel GPIO supports a maximum interface frequency of 300 MHZ.
Info: iobuf: "Transforming system: iobuf"
Info: iobuf: "Naming system components in system: iobuf"
Info: iobuf: "Processing generation queue"
Info: iobuf: "Generating: iobuf"
Info: iobuf: "Generating: iobuf_altera_gpio_2210_ck55vhi"
Info: iobuf: "Generating: altera_gpio"
Info: iobuf: Done "iobuf" with 3 modules, 3 files
Info: Finished: Create HDL design files for synthesis
Info: Starting: Generate IP Core Documentation
Info: No documentation filesets were found for components in iobuf. No files generated.
Info: Finished: Generate IP Core Documentation
